0 silly argv {
0 silly argv   _: [ 'run' ],
0 silly argv   stream: true,
0 silly argv   lernaVersion: '7.4.2',
0 silly argv   '$0': 'node_modules\\lerna\\dist\\cli.js',
0 silly argv   script: 'dev:viewer'
0 silly argv }
1 notice cli v7.4.2
2 verbose packageConfigs Explicit "packages" configuration found in lerna.json. Resolving packages using the configured glob(s): ["extensions/*","platform/*","modes/*","addOns/externals/*"]
3 verbose rootPath C:\Users\r.sapuppo\Risorse utili\Miei progetti\VisualizzatorePACS\ohif_latest\Viewers
4 error SyntaxError: Expected ":" or blank space but "\r" found.
4 error     at peg$buildStructuredError (C:\Users\r.sapuppo\Risorse utili\Miei progetti\VisualizzatorePACS\ohif_latest\Viewers\node_modules\@yarnpkg\parsers\lib\grammars\syml.js:371:12)
4 error     at peg$parse (C:\Users\r.sapuppo\Risorse utili\Miei progetti\VisualizzatorePACS\ohif_latest\Viewers\node_modules\@yarnpkg\parsers\lib\grammars\syml.js:1898:11)
4 error     at parseViaPeg (C:\Users\r.sapuppo\Risorse utili\Miei progetti\VisualizzatorePACS\ohif_latest\Viewers\node_modules\@yarnpkg\parsers\lib\syml.js:109:29)
4 error     at parseViaJsYaml (C:\Users\r.sapuppo\Risorse utili\Miei progetti\VisualizzatorePACS\ohif_latest\Viewers\node_modules\@yarnpkg\parsers\lib\syml.js:114:16)
4 error     at parseSyml (C:\Users\r.sapuppo\Risorse utili\Miei progetti\VisualizzatorePACS\ohif_latest\Viewers\node_modules\@yarnpkg\parsers\lib\syml.js:130:12)
4 error     at parseLockFile (C:\Users\r.sapuppo\Risorse utili\Miei progetti\VisualizzatorePACS\ohif_latest\Viewers\node_modules\nx\src\plugins\js\lock-file\yarn-parser.js:20:20)
4 error     at getYarnLockfileNodes (C:\Users\r.sapuppo\Risorse utili\Miei progetti\VisualizzatorePACS\ohif_latest\Viewers\node_modules\nx\src\plugins\js\lock-file\yarn-parser.js:26:45)
4 error     at getLockFileNodes (C:\Users\r.sapuppo\Risorse utili\Miei progetti\VisualizzatorePACS\ohif_latest\Viewers\node_modules\nx\src\plugins\js\lock-file\lock-file.js:33:59)
4 error     at exports.createNodes (C:\Users\r.sapuppo\Risorse utili\Miei progetti\VisualizzatorePACS\ohif_latest\Viewers\node_modules\nx\src\plugins\js\index.js:42:64)
